2024-05-20 14:27:20 INFO  TC_001_AccountRegistrationTest:60 - Strating TC_001_AccountRegistrationtTest
2024-05-20 14:27:20 INFO  TC_001_AccountRegistrationTest:64 - Clicked on My Account 
2024-05-20 14:27:22 INFO  TC_001_AccountRegistrationTest:67 - Clicked on Register 
2024-05-20 14:27:22 INFO  TC_001_AccountRegistrationTest:72 - Provided First Name 
2024-05-20 14:27:22 INFO  TC_001_AccountRegistrationTest:75 - Provided Last Name 
2024-05-20 14:27:22 INFO  TC_001_AccountRegistrationTest:79 - Provided Email 
2024-05-20 14:27:22 INFO  TC_001_AccountRegistrationTest:82 - Provided Telephone 
2024-05-20 14:27:22 INFO  TC_001_AccountRegistrationTest:85 - Provided Password 
2024-05-20 14:27:23 INFO  TC_001_AccountRegistrationTest:88 - Provided Confrmed Password 
2024-05-20 14:27:23 INFO  TC_001_AccountRegistrationTest:91 - Set Privacy Policy 
2024-05-20 14:27:24 INFO  TC_001_AccountRegistrationTest:94 - Clicked on Continue 
2024-05-20 14:27:26 INFO  TC_001_AccountRegistrationTest:106 - Finished TC_001_AccountRegistrationtTest
2024-05-20 14:27:32 INFO  TC_002_LoginTest:15 - **** Starting TC_002_LoginTest  ****
2024-05-20 14:27:32 INFO  TC_002_LoginTest:21 - clicked on myaccount link on the home page..
2024-05-20 14:27:33 INFO  TC_002_LoginTest:23 - clicked on login link under myaccount..
2024-05-20 14:27:33 INFO  TC_002_LoginTest:27 - Entering valid email and password..
2024-05-20 14:27:34 INFO  TC_002_LoginTest:31 - clicked on ligin button..
2024-05-20 14:27:34 INFO  TC_002_LoginTest:43 - **** Finished TC_002_LoginTest  ****
2024-05-20 21:41:46 INFO  TC_001_AccountRegistrationTest:60 - Strating TC_001_AccountRegistrationtTest
2024-05-20 21:41:46 INFO  TC_001_AccountRegistrationTest:64 - Clicked on My Account 
2024-05-20 21:41:48 INFO  TC_001_AccountRegistrationTest:67 - Clicked on Register 
2024-05-20 21:41:48 INFO  TC_001_AccountRegistrationTest:72 - Provided First Name 
2024-05-20 21:41:48 INFO  TC_001_AccountRegistrationTest:75 - Provided Last Name 
2024-05-20 21:41:48 INFO  TC_001_AccountRegistrationTest:79 - Provided Email 
2024-05-20 21:41:48 INFO  TC_001_AccountRegistrationTest:82 - Provided Telephone 
2024-05-20 21:41:48 INFO  TC_001_AccountRegistrationTest:85 - Provided Password 
2024-05-20 21:41:49 INFO  TC_001_AccountRegistrationTest:88 - Provided Confrmed Password 
2024-05-20 21:41:49 INFO  TC_001_AccountRegistrationTest:91 - Set Privacy Policy 
2024-05-20 21:41:50 INFO  TC_001_AccountRegistrationTest:94 - Clicked on Continue 
2024-05-20 21:41:52 INFO  TC_001_AccountRegistrationTest:106 - Finished TC_001_AccountRegistrationtTest
2024-05-20 21:42:01 INFO  TC_002_LoginTest:15 - **** Starting TC_002_LoginTest  ****
2024-05-20 21:42:01 INFO  TC_002_LoginTest:21 - clicked on myaccount link on the home page..
2024-05-20 21:42:02 INFO  TC_002_LoginTest:23 - clicked on login link under myaccount..
2024-05-20 21:42:02 INFO  TC_002_LoginTest:27 - Entering valid email and password..
2024-05-20 21:42:03 INFO  TC_002_LoginTest:31 - clicked on ligin button..
2024-05-20 21:42:03 INFO  TC_002_LoginTest:43 - **** Finished TC_002_LoginTest  ****
